<?xml version="1.0" encoding="UTF-8"?>
<!-- Generated by org.testng.reporters.JUnitReportReporter -->
<testsuite hostname="DESKTOP-RQSL0MD" failures="0" tests="6" name="com.sgtesting.dataprovider.LoginLogoutChromeDemo" time="38.716" errors="0" timestamp="2022-04-23T08:42:01 IST" skipped="0">
  <testcase classname="com.sgtesting.dataprovider.LoginLogoutChromeDemo" name="launchBrowser" time="2.020"/>
  <system-out/>
  <testcase classname="com.sgtesting.dataprovider.LoginLogoutChromeDemo" name="navigate" time="6.600"/>
  <system-out/>
  <testcase classname="com.sgtesting.dataprovider.LoginLogoutChromeDemo" name="login" time="9.337"/>
  <system-out/>
  <testcase classname="com.sgtesting.dataprovider.LoginLogoutChromeDemo" name="login" time="8.508"/>
  <system-out/>
  <testcase classname="com.sgtesting.dataprovider.LoginLogoutChromeDemo" name="login" time="12.184"/>
  <system-out/>
  <testcase classname="com.sgtesting.dataprovider.LoginLogoutChromeDemo" name="closeApplication" time="0.067"/>
  <system-out/>
</testsuite> <!-- com.sgtesting.dataprovider.LoginLogoutChromeDemo -->
