<?xml version="1.0" encoding="UTF-8"?>
<!-- Generated by org.testng.reporters.JUnitReportReporter -->
<testsuite hostname="DESKTOP-RQSL0MD" failures="0" tests="6" name="com.sgtesting.dataprovider.LoginLogoutDemo" time="51.467" errors="0" timestamp="2022-04-23T08:44:05 IST" skipped="0">
  <testcase classname="com.sgtesting.dataprovider.LoginLogoutDemo" name="launchBrowser" time="16.551"/>
  <system-out/>
  <testcase classname="com.sgtesting.dataprovider.LoginLogoutDemo" name="navigate" time="5.933"/>
  <system-out/>
  <testcase classname="com.sgtesting.dataprovider.LoginLogoutDemo" name="login" time="8.905"/>
  <system-out/>
  <testcase classname="com.sgtesting.dataprovider.LoginLogoutDemo" name="login" time="8.913"/>
  <system-out/>
  <testcase classname="com.sgtesting.dataprovider.LoginLogoutDemo" name="login" time="9.580"/>
  <system-out/>
  <testcase classname="com.sgtesting.dataprovider.LoginLogoutDemo" name="closeApplication" time="1.585"/>
  <system-out/>
</testsuite> <!-- com.sgtesting.dataprovider.LoginLogoutDemo -->
